<?xml version="1.0" encoding="UTF-8"?>
<!-- Generated by org.testng.reporters.JUnitReportReporter -->
<testsuite hostname="DESKTOP-G2TL22O" failures="0" tests="1" name="testScripts.TestScript1" time="14.398" errors="0" timestamp="2022-12-08T15:10:11 IST" skipped="0">
  <testcase classname="testScripts.TestScript1" name="editPatientData" time="14.398"/>
  <system-out/>
</testsuite> <!-- testScripts.TestScript1 -->
