<?xml version="1.0" encoding="UTF-8"?>
<!-- Generated by org.testng.reporters.JUnitReportReporter -->
<testsuite hostname="DESKTOP-G2TL22O" failures="0" tests="1" name="testFiles.TestBaseFile" time="3.780" errors="0" timestamp="2022-11-29T13:11:20 IST" skipped="0">
  <testcase classname="testFiles.TestBaseFile" name="syso" time="3.780"/>
  <system-out/>
</testsuite> <!-- testFiles.TestBaseFile -->
